<?xml version="1.0" encoding="UTF-8"?>
<testsuite xmlns:xsi="http://www.w3.org/2001/XMLSchema-instance" xsi:noNamespaceSchemaLocation="https://maven.apache.org/surefire/maven-surefire-plugin/xsd/surefire-test-report-3.0.xsd" version="3.0" name="TestSuite" time="7.997" tests="7" errors="0" skipped="0" failures="0">
  <properties>
[...]
</properties>
  <testcase name="testSearchWithTerm[jack](1)" classname="com.apple.developer.itunes.search.api.test.TestSearchAPIForParameterKeyTerm" time="4.53">
    <system-out><![CDATA[Request method:	GET
Request URI:	https://itunes.apple.com/search?term=jack
Proxy:			<none>
Request params:	<none>
Query params:	term=jack
Form params:	<none>
Path params:	<none>
Headers:		Accept=*/*
Cookies:		<none>
Multiparts:		<none>
Body:			<none>
Request params:	<none>
Query params:	term=jack
Form params:	<none>
Path params:	<none>
Multiparts:		<none>
]]></system-out>
    <system-err><![CDATA[SLF4J: Failed to load class "org.slf4j.impl.StaticLoggerBinder".
SLF4J: Defaulting to no-operation (NOP) logger implementation
SLF4J: See http://www.slf4j.org/codes.html#StaticLoggerBinder for further details.
]]></system-err>
  </testcase>
  <testcase name="testSearchWithTerm[johnson](2)" classname="com.apple.developer.itunes.search.api.test.TestSearchAPIForParameterKeyTerm" time="0.434">
    <system-out><![CDATA[Request method:	GET
Request URI:	https://itunes.apple.com/search?term=johnson
Proxy:			<none>
Request params:	<none>
Query params:	term=johnson
Form params:	<none>
Path params:	<none>
Headers:		Accept=*/*
Cookies:		<none>
Multiparts:		<none>
Body:			<none>
Request params:	<none>
Query params:	term=johnson
Form params:	<none>
Path params:	<none>
Multiparts:		<none>
]]></system-out>
  </testcase>
  <testcase name="testSearchWithTerm[jack+johnson](3)" classname="com.apple.developer.itunes.search.api.test.TestSearchAPIForParameterKeyTerm" time="0.23">
    <system-out><![CDATA[Request method:	GET
Request URI:	https://itunes.apple.com/search?term=jack%2Bjohnson
Proxy:			<none>
Request params:	<none>
Query params:	term=jack+johnson
Form params:	<none>
Path params:	<none>
Headers:		Accept=*/*
Cookies:		<none>
Multiparts:		<none>
Body:			<none>
Request params:	<none>
Query params:	term=jack+johnson
Form params:	<none>
Path params:	<none>
Multiparts:		<none>
]]></system-out>
  </testcase>
  <testcase name="testSearchWithDifferentParams[ITunesSearch(term=jack+johnson, limit=25, entity=, country=)](1)" classname="com.apple.developer.itunes.search.api.test.TestSearchAPIForParameterKeyTerm" time="0.366">
    <system-out><![CDATA[Request method:	GET
Request URI:	https://itunes.apple.com/search?country=&limit=25&term=jack%2Bjohnson&entity=
Proxy:			<none>
Request params:	<none>
Query params:	country=
				limit=25
				term=jack+johnson
				entity=
Form params:	<none>
Path params:	<none>
Headers:		Accept=*/*
Cookies:		<none>
Multiparts:		<none>
Body:			<none>
Request params:	<none>
Query params:	country=
				limit=25
				term=jack+johnson
				entity=
Form params:	<none>
Path params:	<none>
Multiparts:		<none>
]]></system-out>
    <system-err><![CDATA[ERROR StatusLogger Log4j2 could not find a logging implementation. Please add log4j-core to the classpath. Using SimpleLogger to log to the console...
]]></system-err>
  </testcase>
  <testcase name="testSearchWithDifferentParams[ITunesSearch(term=jack+johnson, limit=25, entity=musicVideo, country=)](2)" classname="com.apple.developer.itunes.search.api.test.TestSearchAPIForParameterKeyTerm" time="0.207">
    <system-out><![CDATA[Request method:	GET
Request URI:	https://itunes.apple.com/search?country=&limit=25&term=jack%2Bjohnson&entity=musicVideo
Proxy:			<none>
Request params:	<none>
Query params:	country=
				limit=25
				term=jack+johnson
				entity=musicVideo
Form params:	<none>
Path params:	<none>
Headers:		Accept=*/*
Cookies:		<none>
Multiparts:		<none>
Body:			<none>
Request params:	<none>
Query params:	country=
				limit=25
				term=jack+johnson
				entity=musicVideo
Form params:	<none>
Path params:	<none>
Multiparts:		<none>
]]></system-out>
  </testcase>
  <testcase name="testSearchWithDifferentParams[ITunesSearch(term=jim+jones, limit=25, entity=, country=ca)](3)" classname="com.apple.developer.itunes.search.api.test.TestSearchAPIForParameterKeyTerm" time="0.208">
    <system-out><![CDATA[Request method:	GET
Request URI:	https://itunes.apple.com/search?country=ca&limit=25&term=jim%2Bjones&entity=
Proxy:			<none>
Request params:	<none>
Query params:	country=ca
				limit=25
				term=jim+jones
				entity=
Form params:	<none>
Path params:	<none>
Headers:		Accept=*/*
Cookies:		<none>
Multiparts:		<none>
Body:			<none>
Request params:	<none>
Query params:	country=ca
				limit=25
				term=jim+jones
				entity=
Form params:	<none>
Path params:	<none>
Multiparts:		<none>
]]></system-out>
  </testcase>
  <testcase name="testSearchWithDifferentParams[ITunesSearch(term=yelp, limit=2, entity=software, country=us)](4)" classname="com.apple.developer.itunes.search.api.test.TestSearchAPIForParameterKeyTerm" time="0.22">
    <system-out><![CDATA[Request method:	GET
Request URI:	https://itunes.apple.com/search?country=us&limit=2&term=yelp&entity=software
Proxy:			<none>
Request params:	<none>
Query params:	country=us
				limit=2
				term=yelp
				entity=software
Form params:	<none>
Path params:	<none>
Headers:		Accept=*/*
Cookies:		<none>
Multiparts:		<none>
Body:			<none>
Request params:	<none>
Query params:	country=us
				limit=2
				term=yelp
				entity=software
Form params:	<none>
Path params:	<none>
Multiparts:		<none>
]]></system-out>
  </testcase>
</testsuite>