<?xml version="1.0" encoding="UTF-8"?>
<testng-results ignored="0" total="7" passed="7" failed="0" skipped="0">
  <reporter-output>
  </reporter-output>
  <suite started-at="2023-07-30T19:37:23 IST" name="ITuneSearchAPI" finished-at="2023-07-30T19:37:30 IST" duration-ms="7127">
    <groups>
    </groups>
    <test started-at="2023-07-30T19:37:23 IST" name="ITuneSearchAPITest" finished-at="2023-07-30T19:37:30 IST" duration-ms="7127">
      <class name="com.apple.developer.itunes.search.api.test.TestSearchAPIForParameterKeyTerm">
        <test-method signature="testSearchWithTerm(java.lang.String)[pri:0, instance:com.apple.developer.itunes.search.api.test.TestSearchAPIForParameterKeyTerm@4d5b6aac]" started-at="2023-07-30T19:37:23 IST" name="testSearchWithTerm" data-provider="searchTermsData" finished-at="2023-07-30T19:37:27 IST" duration-ms="4504" status="PASS">
          <params>
            <param index="0">
              <value>
                <![CDATA[jack]]>
              </value>
            </param>
          </params>
          <reporter-output>
          </reporter-output>
        </test-method> <!-- testSearchWithTerm -->
        <test-method signature="testSearchWithTerm(java.lang.String)[pri:0, instance:com.apple.developer.itunes.search.api.test.TestSearchAPIForParameterKeyTerm@4d5b6aac]" started-at="2023-07-30T19:37:27 IST" name="testSearchWithTerm" data-provider="searchTermsData" finished-at="2023-07-30T19:37:28 IST" duration-ms="455" status="PASS">
          <params>
            <param index="0">
              <value>
                <![CDATA[johnson]]>
              </value>
            </param>
          </params>
          <reporter-output>
          </reporter-output>
        </test-method> <!-- testSearchWithTerm -->
        <test-method signature="testSearchWithTerm(java.lang.String)[pri:0, instance:com.apple.developer.itunes.search.api.test.TestSearchAPIForParameterKeyTerm@4d5b6aac]" started-at="2023-07-30T19:37:28 IST" name="testSearchWithTerm" data-provider="searchTermsData" finished-at="2023-07-30T19:37:28 IST" duration-ms="229" status="PASS">
          <params>
            <param index="0">
              <value>
                <![CDATA[jack+johnson]]>
              </value>
            </param>
          </params>
          <reporter-output>
          </reporter-output>
        </test-method> <!-- testSearchWithTerm -->
        <test-method signature="testSearchWithDifferentParams(com.apple.developer.itunes.search.api.request.ITunesSearch)[pri:1, instance:com.apple.developer.itunes.search.api.test.TestSearchAPIForParameterKeyTerm@4d5b6aac]" started-at="2023-07-30T19:37:29 IST" name="testSearchWithDifferentParams" data-provider="iTunesSearchData" finished-at="2023-07-30T19:37:29 IST" duration-ms="379" status="PASS">
          <params>
            <param index="0">
              <value>
                <![CDATA[ITunesSearch(term=jack+johnson, limit=25, entity=, country=)]]>
              </value>
            </param>
          </params>
          <reporter-output>
          </reporter-output>
        </test-method> <!-- testSearchWithDifferentParams -->
        <test-method signature="testSearchWithDifferentParams(com.apple.developer.itunes.search.api.request.ITunesSearch)[pri:1, instance:com.apple.developer.itunes.search.api.test.TestSearchAPIForParameterKeyTerm@4d5b6aac]" started-at="2023-07-30T19:37:29 IST" name="testSearchWithDifferentParams" data-provider="iTunesSearchData" finished-at="2023-07-30T19:37:29 IST" duration-ms="207" status="PASS">
          <params>
            <param index="0">
              <value>
                <![CDATA[ITunesSearch(term=jack+johnson, limit=25, entity=musicVideo, country=)]]>
              </value>
            </param>
          </params>
          <reporter-output>
          </reporter-output>
        </test-method> <!-- testSearchWithDifferentParams -->
        <test-method signature="testSearchWithDifferentParams(com.apple.developer.itunes.search.api.request.ITunesSearch)[pri:1, instance:com.apple.developer.itunes.search.api.test.TestSearchAPIForParameterKeyTerm@4d5b6aac]" started-at="2023-07-30T19:37:29 IST" name="testSearchWithDifferentParams" data-provider="iTunesSearchData" finished-at="2023-07-30T19:37:30 IST" duration-ms="206" status="PASS">
          <params>
            <param index="0">
              <value>
                <![CDATA[ITunesSearch(term=jim+jones, limit=25, entity=, country=ca)]]>
              </value>
            </param>
          </params>
          <reporter-output>
          </reporter-output>
        </test-method> <!-- testSearchWithDifferentParams -->
        <test-method signature="testSearchWithDifferentParams(com.apple.developer.itunes.search.api.request.ITunesSearch)[pri:1, instance:com.apple.developer.itunes.search.api.test.TestSearchAPIForParameterKeyTerm@4d5b6aac]" started-at="2023-07-30T19:37:30 IST" name="testSearchWithDifferentParams" data-provider="iTunesSearchData" finished-at="2023-07-30T19:37:30 IST" duration-ms="219" status="PASS">
          <params>
            <param index="0">
              <value>
                <![CDATA[ITunesSearch(term=yelp, limit=2, entity=software, country=us)]]>
              </value>
            </param>
          </params>
          <reporter-output>
          </reporter-output>
        </test-method> <!-- testSearchWithDifferentParams -->
      </class> <!-- com.apple.developer.itunes.search.api.test.TestSearchAPIForParameterKeyTerm -->
    </test> <!-- ITuneSearchAPITest -->
  </suite> <!-- ITuneSearchAPI -->
</testng-results>
