<?xml version="1.0" encoding="UTF-8"?>
<testng-results ignored="0" total="23" passed="20" failed="3" skipped="0">
  <reporter-output>
  </reporter-output>
  <suite started-at="2023-07-31T00:34:23 IST" name="ITuneSearchAPI" finished-at="2023-07-31T00:34:34 IST" duration-ms="11267">
    <groups>
    </groups>
    <test started-at="2023-07-31T00:34:23 IST" name="ITuneSearchAPITest" finished-at="2023-07-31T00:34:34 IST" duration-ms="11267">
      <class name="com.apple.developer.itunes.search.api.test.TestSearchAPIForParameterKeyLookup">
        <test-method signature="testLookupWithDifferentParams(com.apple.developer.itunes.search.api.request.lookup.ITunesLookup)[pri:0, instance:com.apple.developer.itunes.search.api.test.TestSearchAPIForParameterKeyLookup@5fbdfdcf]" started-at="2023-07-31T00:34:32 IST" name="testLookupWithDifferentParams" data-provider="iTunesLookupData" finished-at="2023-07-31T00:34:32 IST" duration-ms="222" status="PASS">
          <params>
            <param index="0">
              <value>
                <![CDATA[ITunesLookup(id=909253, amgArtistId=, entity=, limit=, sort=, upc=, amgAlbumId=, amgVideoId=, isbn=)]]>
              </value>
            </param>
          </params>
          <reporter-output>
          </reporter-output>
        </test-method> <!-- testLookupWithDifferentParams -->
        <test-method signature="testLookupWithDifferentParams(com.apple.developer.itunes.search.api.request.lookup.ITunesLookup)[pri:0, instance:com.apple.developer.itunes.search.api.test.TestSearchAPIForParameterKeyLookup@5fbdfdcf]" started-at="2023-07-31T00:34:32 IST" name="testLookupWithDifferentParams" data-provider="iTunesLookupData" finished-at="2023-07-31T00:34:32 IST" duration-ms="156" status="PASS">
          <params>
            <param index="0">
              <value>
                <![CDATA[ITunesLookup(id=284910350, amgArtistId=, entity=, limit=, sort=, upc=, amgAlbumId=, amgVideoId=, isbn=)]]>
              </value>
            </param>
          </params>
          <reporter-output>
          </reporter-output>
        </test-method> <!-- testLookupWithDifferentParams -->
        <test-method signature="testLookupWithDifferentParams(com.apple.developer.itunes.search.api.request.lookup.ITunesLookup)[pri:0, instance:com.apple.developer.itunes.search.api.test.TestSearchAPIForParameterKeyLookup@5fbdfdcf]" started-at="2023-07-31T00:34:32 IST" name="testLookupWithDifferentParams" data-provider="iTunesLookupData" finished-at="2023-07-31T00:34:33 IST" duration-ms="722" status="PASS">
          <params>
            <param index="0">
              <value>
                <![CDATA[ITunesLookup(id=, amgArtistId=468749, entity=, limit=, sort=, upc=, amgAlbumId=, amgVideoId=, isbn=)]]>
              </value>
            </param>
          </params>
          <reporter-output>
          </reporter-output>
        </test-method> <!-- testLookupWithDifferentParams -->
        <test-method signature="testLookupWithDifferentParams(com.apple.developer.itunes.search.api.request.lookup.ITunesLookup)[pri:0, instance:com.apple.developer.itunes.search.api.test.TestSearchAPIForParameterKeyLookup@5fbdfdcf]" started-at="2023-07-31T00:34:33 IST" name="testLookupWithDifferentParams" data-provider="iTunesLookupData" finished-at="2023-07-31T00:34:33 IST" duration-ms="155" status="PASS">
          <params>
            <param index="0">
              <value>
                <![CDATA[ITunesLookup(id=, amgArtistId=468749,5723, entity=, limit=, sort=, upc=, amgAlbumId=, amgVideoId=, isbn=)]]>
              </value>
            </param>
          </params>
          <reporter-output>
          </reporter-output>
        </test-method> <!-- testLookupWithDifferentParams -->
        <test-method signature="testLookupWithDifferentParams(com.apple.developer.itunes.search.api.request.lookup.ITunesLookup)[pri:0, instance:com.apple.developer.itunes.search.api.test.TestSearchAPIForParameterKeyLookup@5fbdfdcf]" started-at="2023-07-31T00:34:33 IST" name="testLookupWithDifferentParams" data-provider="iTunesLookupData" finished-at="2023-07-31T00:34:33 IST" duration-ms="202" status="PASS">
          <params>
            <param index="0">
              <value>
                <![CDATA[ITunesLookup(id=909253, amgArtistId=, entity=album, limit=, sort=, upc=, amgAlbumId=, amgVideoId=, isbn=)]]>
              </value>
            </param>
          </params>
          <reporter-output>
          </reporter-output>
        </test-method> <!-- testLookupWithDifferentParams -->
        <test-method signature="testLookupWithDifferentParams(com.apple.developer.itunes.search.api.request.lookup.ITunesLookup)[pri:0, instance:com.apple.developer.itunes.search.api.test.TestSearchAPIForParameterKeyLookup@5fbdfdcf]" started-at="2023-07-31T00:34:33 IST" name="testLookupWithDifferentParams" data-provider="iTunesLookupData" finished-at="2023-07-31T00:34:33 IST" duration-ms="134" status="PASS">
          <params>
            <param index="0">
              <value>
                <![CDATA[ITunesLookup(id=, amgArtistId=68749,5723, entity=album, limit=5, sort=, upc=, amgAlbumId=, amgVideoId=, isbn=)]]>
              </value>
            </param>
          </params>
          <reporter-output>
          </reporter-output>
        </test-method> <!-- testLookupWithDifferentParams -->
        <test-method signature="testLookupWithDifferentParams(com.apple.developer.itunes.search.api.request.lookup.ITunesLookup)[pri:0, instance:com.apple.developer.itunes.search.api.test.TestSearchAPIForParameterKeyLookup@5fbdfdcf]" started-at="2023-07-31T00:34:33 IST" name="testLookupWithDifferentParams" data-provider="iTunesLookupData" finished-at="2023-07-31T00:34:34 IST" duration-ms="178" status="PASS">
          <params>
            <param index="0">
              <value>
                <![CDATA[ITunesLookup(id=, amgArtistId=468749,5723, entity=song, limit=5, sort=recent, upc=, amgAlbumId=, amgVideoId=, isbn=)]]>
              </value>
            </param>
          </params>
          <reporter-output>
          </reporter-output>
        </test-method> <!-- testLookupWithDifferentParams -->
        <test-method signature="testLookupWithDifferentParams(com.apple.developer.itunes.search.api.request.lookup.ITunesLookup)[pri:0, instance:com.apple.developer.itunes.search.api.test.TestSearchAPIForParameterKeyLookup@5fbdfdcf]" started-at="2023-07-31T00:34:34 IST" name="testLookupWithDifferentParams" data-provider="iTunesLookupData" finished-at="2023-07-31T00:34:34 IST" duration-ms="117" status="PASS">
          <params>
            <param index="0">
              <value>
                <![CDATA[ITunesLookup(id=, amgArtistId=, entity=song, limit=, sort=, upc=720642462928, amgAlbumId=15175,15176,15177,15178,15183,15184,15187,1519,15191,15195,15197,15198, amgVideoId=, isbn=)]]>
              </value>
            </param>
          </params>
          <reporter-output>
          </reporter-output>
        </test-method> <!-- testLookupWithDifferentParams -->
        <test-method signature="testLookupWithDifferentParams(com.apple.developer.itunes.search.api.request.lookup.ITunesLookup)[pri:0, instance:com.apple.developer.itunes.search.api.test.TestSearchAPIForParameterKeyLookup@5fbdfdcf]" started-at="2023-07-31T00:34:34 IST" name="testLookupWithDifferentParams" data-provider="iTunesLookupData" finished-at="2023-07-31T00:34:34 IST" duration-ms="104" status="PASS">
          <params>
            <param index="0">
              <value>
                <![CDATA[ITunesLookup(id=, amgArtistId=, entity=, limit=, sort=, upc=, amgAlbumId=17120, amgVideoId=, isbn=)]]>
              </value>
            </param>
          </params>
          <reporter-output>
          </reporter-output>
        </test-method> <!-- testLookupWithDifferentParams -->
      </class> <!-- com.apple.developer.itunes.search.api.test.TestSearchAPIForParameterKeyLookup -->
      <class name="com.apple.developer.itunes.search.api.test.TestSearchAPIForParameterKeyTerm">
        <test-method signature="testSearchWithDifferentParams(com.apple.developer.itunes.search.api.request.search.ITunesSearch)[pri:0, instance:com.apple.developer.itunes.search.api.test.TestSearchAPIForParameterKeyTerm@5403f35f]" started-at="2023-07-31T00:34:24 IST" name="testSearchWithDifferentParams" data-provider="iTunesSearchData" finished-at="2023-07-31T00:34:29 IST" duration-ms="5206" status="PASS">
          <params>
            <param index="0">
              <value>
                <![CDATA[ITunesSearch(term=jack+johnson, limit=25, entity=, country=, media=movie, lang=)]]>
              </value>
            </param>
          </params>
          <reporter-output>
          </reporter-output>
        </test-method> <!-- testSearchWithDifferentParams -->
        <test-method signature="testSearchWithDifferentParams(com.apple.developer.itunes.search.api.request.search.ITunesSearch)[pri:0, instance:com.apple.developer.itunes.search.api.test.TestSearchAPIForParameterKeyTerm@5403f35f]" started-at="2023-07-31T00:34:29 IST" name="testSearchWithDifferentParams" data-provider="iTunesSearchData" finished-at="2023-07-31T00:34:29 IST" duration-ms="207" status="PASS">
          <params>
            <param index="0">
              <value>
                <![CDATA[ITunesSearch(term=jack+johnson, limit=, entity=, country=, media=podcast, lang=)]]>
              </value>
            </param>
          </params>
          <reporter-output>
          </reporter-output>
        </test-method> <!-- testSearchWithDifferentParams -->
        <test-method signature="testSearchWithDifferentParams(com.apple.developer.itunes.search.api.request.search.ITunesSearch)[pri:0, instance:com.apple.developer.itunes.search.api.test.TestSearchAPIForParameterKeyTerm@5403f35f]" started-at="2023-07-31T00:34:29 IST" name="testSearchWithDifferentParams" data-provider="iTunesSearchData" finished-at="2023-07-31T00:34:30 IST" duration-ms="216" status="PASS">
          <params>
            <param index="0">
              <value>
                <![CDATA[ITunesSearch(term=jack+johnson, limit=, entity=, country=, media=music, lang=)]]>
              </value>
            </param>
          </params>
          <reporter-output>
          </reporter-output>
        </test-method> <!-- testSearchWithDifferentParams -->
        <test-method signature="testSearchWithDifferentParams(com.apple.developer.itunes.search.api.request.search.ITunesSearch)[pri:0, instance:com.apple.developer.itunes.search.api.test.TestSearchAPIForParameterKeyTerm@5403f35f]" started-at="2023-07-31T00:34:30 IST" name="testSearchWithDifferentParams" data-provider="iTunesSearchData" finished-at="2023-07-31T00:34:30 IST" duration-ms="127" status="PASS">
          <params>
            <param index="0">
              <value>
                <![CDATA[ITunesSearch(term=jack+johnson, limit=, entity=, country=, media=musicVideo, lang=)]]>
              </value>
            </param>
          </params>
          <reporter-output>
          </reporter-output>
        </test-method> <!-- testSearchWithDifferentParams -->
        <test-method signature="testSearchWithDifferentParams(com.apple.developer.itunes.search.api.request.search.ITunesSearch)[pri:0, instance:com.apple.developer.itunes.search.api.test.TestSearchAPIForParameterKeyTerm@5403f35f]" started-at="2023-07-31T00:34:30 IST" name="testSearchWithDifferentParams" data-provider="iTunesSearchData" finished-at="2023-07-31T00:34:30 IST" duration-ms="158" status="PASS">
          <params>
            <param index="0">
              <value>
                <![CDATA[ITunesSearch(term=jack+johnson, limit=, entity=, country=, media=audiobook, lang=)]]>
              </value>
            </param>
          </params>
          <reporter-output>
          </reporter-output>
        </test-method> <!-- testSearchWithDifferentParams -->
        <test-method signature="testSearchWithDifferentParams(com.apple.developer.itunes.search.api.request.search.ITunesSearch)[pri:0, instance:com.apple.developer.itunes.search.api.test.TestSearchAPIForParameterKeyTerm@5403f35f]" started-at="2023-07-31T00:34:30 IST" name="testSearchWithDifferentParams" data-provider="iTunesSearchData" finished-at="2023-07-31T00:34:30 IST" duration-ms="161" status="FAIL">
          <params>
            <param index="0">
              <value>
                <![CDATA[ITunesSearch(term=jack+johnson, limit=, entity=, country=, media=shortFilm, lang=)]]>
              </value>
            </param>
          </params>
          <exception class="java.lang.AssertionError">
            <message>
              <![CDATA[expected [true] but found [false]]]>
            </message>
            <full-stacktrace>
              <![CDATA[java.lang.AssertionError: expected [true] but found [false]
at org.testng.Assert.fail(Assert.java:111)
at org.testng.Assert.failNotEquals(Assert.java:1578)
at org.testng.Assert.assertTrue(Assert.java:57)
at org.testng.Assert.assertTrue(Assert.java:67)
at com.apple.developer.itunes.search.api.test.TestSearchAPIForParameterKeyTerm.testSearchWithDifferentParams(TestSearchAPIForParameterKeyTerm.java:52)
at java.base/jdk.internal.reflect.NativeMethodAccessorImpl.invoke0(Native Method)
at java.base/jdk.internal.reflect.NativeMethodAccessorImpl.invoke(NativeMethodAccessorImpl.java:62)
at java.base/jdk.internal.reflect.DelegatingMethodAccessorImpl.invoke(DelegatingMethodAccessorImpl.java:43)
at java.base/java.lang.reflect.Method.invoke(Method.java:566)
at org.testng.internal.invokers.MethodInvocationHelper.invokeMethod(MethodInvocationHelper.java:139)
at org.testng.internal.invokers.TestInvoker.invokeMethod(TestInvoker.java:664)
at org.testng.internal.invokers.TestInvoker.invokeTestMethod(TestInvoker.java:227)
at org.testng.internal.invokers.MethodRunner.runInSequence(MethodRunner.java:50)
at org.testng.internal.invokers.TestInvoker$MethodInvocationAgent.invoke(TestInvoker.java:957)
at org.testng.internal.invokers.TestInvoker.invokeTestMethods(TestInvoker.java:200)
at org.testng.internal.invokers.TestMethodWorker.invokeTestMethods(TestMethodWorker.java:148)
at org.testng.internal.invokers.TestMethodWorker.run(TestMethodWorker.java:128)
at java.base/java.util.ArrayList.forEach(ArrayList.java:1541)
at org.testng.TestRunner.privateRun(TestRunner.java:848)
at org.testng.TestRunner.run(TestRunner.java:621)
at org.testng.SuiteRunner.runTest(SuiteRunner.java:443)
at org.testng.SuiteRunner.runSequentially(SuiteRunner.java:437)
at org.testng.SuiteRunner.privateRun(SuiteRunner.java:397)
at org.testng.SuiteRunner.run(SuiteRunner.java:336)
at org.testng.SuiteRunnerWorker.runSuite(SuiteRunnerWorker.java:52)
at org.testng.SuiteRunnerWorker.run(SuiteRunnerWorker.java:95)
at org.testng.TestNG.runSuitesSequentially(TestNG.java:1280)
at org.testng.TestNG.runSuitesLocally(TestNG.java:1200)
at org.testng.TestNG.runSuites(TestNG.java:1114)
at org.testng.TestNG.run(TestNG.java:1082)
at org.apache.maven.surefire.testng.TestNGExecutor.run(TestNGExecutor.java:308)
at org.apache.maven.surefire.testng.TestNGXmlTestSuite.execute(TestNGXmlTestSuite.java:71)
at org.apache.maven.surefire.testng.TestNGProvider.invoke(TestNGProvider.java:113)
at org.apache.maven.surefire.booter.ForkedBooter.runSuitesInProcess(ForkedBooter.java:385)
at org.apache.maven.surefire.booter.ForkedBooter.execute(ForkedBooter.java:162)
at org.apache.maven.surefire.booter.ForkedBooter.run(ForkedBooter.java:507)
at org.apache.maven.surefire.booter.ForkedBooter.main(ForkedBooter.java:495)
]]>
            </full-stacktrace>
          </exception> <!-- java.lang.AssertionError -->
          <reporter-output>
          </reporter-output>
        </test-method> <!-- testSearchWithDifferentParams -->
        <test-method signature="testSearchWithDifferentParams(com.apple.developer.itunes.search.api.request.search.ITunesSearch)[pri:0, instance:com.apple.developer.itunes.search.api.test.TestSearchAPIForParameterKeyTerm@5403f35f]" started-at="2023-07-31T00:34:30 IST" name="testSearchWithDifferentParams" data-provider="iTunesSearchData" finished-at="2023-07-31T00:34:30 IST" duration-ms="137" status="FAIL">
          <params>
            <param index="0">
              <value>
                <![CDATA[ITunesSearch(term=jack+johnson, limit=, entity=, country=, media=tvShow, lang=)]]>
              </value>
            </param>
          </params>
          <exception class="java.lang.AssertionError">
            <message>
              <![CDATA[expected [true] but found [false]]]>
            </message>
            <full-stacktrace>
              <![CDATA[java.lang.AssertionError: expected [true] but found [false]
at org.testng.Assert.fail(Assert.java:111)
at org.testng.Assert.failNotEquals(Assert.java:1578)
at org.testng.Assert.assertTrue(Assert.java:57)
at org.testng.Assert.assertTrue(Assert.java:67)
at com.apple.developer.itunes.search.api.test.TestSearchAPIForParameterKeyTerm.testSearchWithDifferentParams(TestSearchAPIForParameterKeyTerm.java:52)
at java.base/jdk.internal.reflect.NativeMethodAccessorImpl.invoke0(Native Method)
at java.base/jdk.internal.reflect.NativeMethodAccessorImpl.invoke(NativeMethodAccessorImpl.java:62)
at java.base/jdk.internal.reflect.DelegatingMethodAccessorImpl.invoke(DelegatingMethodAccessorImpl.java:43)
at java.base/java.lang.reflect.Method.invoke(Method.java:566)
at org.testng.internal.invokers.MethodInvocationHelper.invokeMethod(MethodInvocationHelper.java:139)
at org.testng.internal.invokers.TestInvoker.invokeMethod(TestInvoker.java:664)
at org.testng.internal.invokers.TestInvoker.invokeTestMethod(TestInvoker.java:227)
at org.testng.internal.invokers.MethodRunner.runInSequence(MethodRunner.java:50)
at org.testng.internal.invokers.TestInvoker$MethodInvocationAgent.invoke(TestInvoker.java:957)
at org.testng.internal.invokers.TestInvoker.invokeTestMethods(TestInvoker.java:200)
at org.testng.internal.invokers.TestMethodWorker.invokeTestMethods(TestMethodWorker.java:148)
at org.testng.internal.invokers.TestMethodWorker.run(TestMethodWorker.java:128)
at java.base/java.util.ArrayList.forEach(ArrayList.java:1541)
at org.testng.TestRunner.privateRun(TestRunner.java:848)
at org.testng.TestRunner.run(TestRunner.java:621)
at org.testng.SuiteRunner.runTest(SuiteRunner.java:443)
at org.testng.SuiteRunner.runSequentially(SuiteRunner.java:437)
at org.testng.SuiteRunner.privateRun(SuiteRunner.java:397)
at org.testng.SuiteRunner.run(SuiteRunner.java:336)
at org.testng.SuiteRunnerWorker.runSuite(SuiteRunnerWorker.java:52)
at org.testng.SuiteRunnerWorker.run(SuiteRunnerWorker.java:95)
at org.testng.TestNG.runSuitesSequentially(TestNG.java:1280)
at org.testng.TestNG.runSuitesLocally(TestNG.java:1200)
at org.testng.TestNG.runSuites(TestNG.java:1114)
at org.testng.TestNG.run(TestNG.java:1082)
at org.apache.maven.surefire.testng.TestNGExecutor.run(TestNGExecutor.java:308)
at org.apache.maven.surefire.testng.TestNGXmlTestSuite.execute(TestNGXmlTestSuite.java:71)
at org.apache.maven.surefire.testng.TestNGProvider.invoke(TestNGProvider.java:113)
at org.apache.maven.surefire.booter.ForkedBooter.runSuitesInProcess(ForkedBooter.java:385)
at org.apache.maven.surefire.booter.ForkedBooter.execute(ForkedBooter.java:162)
at org.apache.maven.surefire.booter.ForkedBooter.run(ForkedBooter.java:507)
at org.apache.maven.surefire.booter.ForkedBooter.main(ForkedBooter.java:495)
]]>
            </full-stacktrace>
          </exception> <!-- java.lang.AssertionError -->
          <reporter-output>
          </reporter-output>
        </test-method> <!-- testSearchWithDifferentParams -->
        <test-method signature="testSearchWithDifferentParams(com.apple.developer.itunes.search.api.request.search.ITunesSearch)[pri:0, instance:com.apple.developer.itunes.search.api.test.TestSearchAPIForParameterKeyTerm@5403f35f]" started-at="2023-07-31T00:34:30 IST" name="testSearchWithDifferentParams" data-provider="iTunesSearchData" finished-at="2023-07-31T00:34:30 IST" duration-ms="136" status="PASS">
          <params>
            <param index="0">
              <value>
                <![CDATA[ITunesSearch(term=jack+johnson, limit=, entity=, country=, media=software, lang=)]]>
              </value>
            </param>
          </params>
          <reporter-output>
          </reporter-output>
        </test-method> <!-- testSearchWithDifferentParams -->
        <test-method signature="testSearchWithDifferentParams(com.apple.developer.itunes.search.api.request.search.ITunesSearch)[pri:0, instance:com.apple.developer.itunes.search.api.test.TestSearchAPIForParameterKeyTerm@5403f35f]" started-at="2023-07-31T00:34:30 IST" name="testSearchWithDifferentParams" data-provider="iTunesSearchData" finished-at="2023-07-31T00:34:30 IST" duration-ms="191" status="FAIL">
          <params>
            <param index="0">
              <value>
                <![CDATA[ITunesSearch(term=jack+johnson, limit=, entity=, country=, media=ebook, lang=)]]>
              </value>
            </param>
          </params>
          <exception class="java.lang.AssertionError">
            <message>
              <![CDATA[expected [true] but found [false]]]>
            </message>
            <full-stacktrace>
              <![CDATA[java.lang.AssertionError: expected [true] but found [false]
at org.testng.Assert.fail(Assert.java:111)
at org.testng.Assert.failNotEquals(Assert.java:1578)
at org.testng.Assert.assertTrue(Assert.java:57)
at org.testng.Assert.assertTrue(Assert.java:67)
at com.apple.developer.itunes.search.api.test.TestSearchAPIForParameterKeyTerm.testSearchWithDifferentParams(TestSearchAPIForParameterKeyTerm.java:52)
at java.base/jdk.internal.reflect.NativeMethodAccessorImpl.invoke0(Native Method)
at java.base/jdk.internal.reflect.NativeMethodAccessorImpl.invoke(NativeMethodAccessorImpl.java:62)
at java.base/jdk.internal.reflect.DelegatingMethodAccessorImpl.invoke(DelegatingMethodAccessorImpl.java:43)
at java.base/java.lang.reflect.Method.invoke(Method.java:566)
at org.testng.internal.invokers.MethodInvocationHelper.invokeMethod(MethodInvocationHelper.java:139)
at org.testng.internal.invokers.TestInvoker.invokeMethod(TestInvoker.java:664)
at org.testng.internal.invokers.TestInvoker.invokeTestMethod(TestInvoker.java:227)
at org.testng.internal.invokers.MethodRunner.runInSequence(MethodRunner.java:50)
at org.testng.internal.invokers.TestInvoker$MethodInvocationAgent.invoke(TestInvoker.java:957)
at org.testng.internal.invokers.TestInvoker.invokeTestMethods(TestInvoker.java:200)
at org.testng.internal.invokers.TestMethodWorker.invokeTestMethods(TestMethodWorker.java:148)
at org.testng.internal.invokers.TestMethodWorker.run(TestMethodWorker.java:128)
at java.base/java.util.ArrayList.forEach(ArrayList.java:1541)
at org.testng.TestRunner.privateRun(TestRunner.java:848)
at org.testng.TestRunner.run(TestRunner.java:621)
at org.testng.SuiteRunner.runTest(SuiteRunner.java:443)
at org.testng.SuiteRunner.runSequentially(SuiteRunner.java:437)
at org.testng.SuiteRunner.privateRun(SuiteRunner.java:397)
at org.testng.SuiteRunner.run(SuiteRunner.java:336)
at org.testng.SuiteRunnerWorker.runSuite(SuiteRunnerWorker.java:52)
at org.testng.SuiteRunnerWorker.run(SuiteRunnerWorker.java:95)
at org.testng.TestNG.runSuitesSequentially(TestNG.java:1280)
at org.testng.TestNG.runSuitesLocally(TestNG.java:1200)
at org.testng.TestNG.runSuites(TestNG.java:1114)
at org.testng.TestNG.run(TestNG.java:1082)
at org.apache.maven.surefire.testng.TestNGExecutor.run(TestNGExecutor.java:308)
at org.apache.maven.surefire.testng.TestNGXmlTestSuite.execute(TestNGXmlTestSuite.java:71)
at org.apache.maven.surefire.testng.TestNGProvider.invoke(TestNGProvider.java:113)
at org.apache.maven.surefire.booter.ForkedBooter.runSuitesInProcess(ForkedBooter.java:385)
at org.apache.maven.surefire.booter.ForkedBooter.execute(ForkedBooter.java:162)
at org.apache.maven.surefire.booter.ForkedBooter.run(ForkedBooter.java:507)
at org.apache.maven.surefire.booter.ForkedBooter.main(ForkedBooter.java:495)
]]>
            </full-stacktrace>
          </exception> <!-- java.lang.AssertionError -->
          <reporter-output>
          </reporter-output>
        </test-method> <!-- testSearchWithDifferentParams -->
        <test-method signature="testSearchWithDifferentParams(com.apple.developer.itunes.search.api.request.search.ITunesSearch)[pri:0, instance:com.apple.developer.itunes.search.api.test.TestSearchAPIForParameterKeyTerm@5403f35f]" started-at="2023-07-31T00:34:30 IST" name="testSearchWithDifferentParams" data-provider="iTunesSearchData" finished-at="2023-07-31T00:34:31 IST" duration-ms="325" status="PASS">
          <params>
            <param index="0">
              <value>
                <![CDATA[ITunesSearch(term=jack+johnson, limit=, entity=, country=, media=all, lang=)]]>
              </value>
            </param>
          </params>
          <reporter-output>
          </reporter-output>
        </test-method> <!-- testSearchWithDifferentParams -->
        <test-method signature="testSearchWithDifferentParams(com.apple.developer.itunes.search.api.request.search.ITunesSearch)[pri:0, instance:com.apple.developer.itunes.search.api.test.TestSearchAPIForParameterKeyTerm@5403f35f]" started-at="2023-07-31T00:34:31 IST" name="testSearchWithDifferentParams" data-provider="iTunesSearchData" finished-at="2023-07-31T00:34:31 IST" duration-ms="278" status="PASS">
          <params>
            <param index="0">
              <value>
                <![CDATA[ITunesSearch(term=jack+johnson, limit=, entity=, country=ca, media=, lang=)]]>
              </value>
            </param>
          </params>
          <reporter-output>
          </reporter-output>
        </test-method> <!-- testSearchWithDifferentParams -->
        <test-method signature="testSearchWithDifferentParams(com.apple.developer.itunes.search.api.request.search.ITunesSearch)[pri:0, instance:com.apple.developer.itunes.search.api.test.TestSearchAPIForParameterKeyTerm@5403f35f]" started-at="2023-07-31T00:34:31 IST" name="testSearchWithDifferentParams" data-provider="iTunesSearchData" finished-at="2023-07-31T00:34:31 IST" duration-ms="308" status="PASS">
          <params>
            <param index="0">
              <value>
                <![CDATA[ITunesSearch(term=yelp, limit=, entity=software, country=us, media=, lang=)]]>
              </value>
            </param>
          </params>
          <reporter-output>
          </reporter-output>
        </test-method> <!-- testSearchWithDifferentParams -->
        <test-method signature="testSearchWithDifferentParams(com.apple.developer.itunes.search.api.request.search.ITunesSearch)[pri:0, instance:com.apple.developer.itunes.search.api.test.TestSearchAPIForParameterKeyTerm@5403f35f]" started-at="2023-07-31T00:34:31 IST" name="testSearchWithDifferentParams" data-provider="iTunesSearchData" finished-at="2023-07-31T00:34:32 IST" duration-ms="168" status="PASS">
          <params>
            <param index="0">
              <value>
                <![CDATA[ITunesSearch(term=jack+johnson, limit=, entity=, country=, media=, lang=en_us)]]>
              </value>
            </param>
          </params>
          <reporter-output>
          </reporter-output>
        </test-method> <!-- testSearchWithDifferentParams -->
        <test-method signature="testSearchWithDifferentParams(com.apple.developer.itunes.search.api.request.search.ITunesSearch)[pri:0, instance:com.apple.developer.itunes.search.api.test.TestSearchAPIForParameterKeyTerm@5403f35f]" started-at="2023-07-31T00:34:32 IST" name="testSearchWithDifferentParams" data-provider="iTunesSearchData" finished-at="2023-07-31T00:34:32 IST" duration-ms="138" status="PASS">
          <params>
            <param index="0">
              <value>
                <![CDATA[ITunesSearch(term=jack+johnson, limit=, entity=, country=, media=, lang=ja_jp)]]>
              </value>
            </param>
          </params>
          <reporter-output>
          </reporter-output>
        </test-method> <!-- testSearchWithDifferentParams -->
      </class> <!-- com.apple.developer.itunes.search.api.test.TestSearchAPIForParameterKeyTerm -->
    </test> <!-- ITuneSearchAPITest -->
  </suite> <!-- ITuneSearchAPI -->
</testng-results>
