<?xml version="1.0" encoding="UTF-8"?>
<testsuite xmlns:xsi="http://www.w3.org/2001/XMLSchema-instance" xsi:noNamespaceSchemaLocation="https://maven.apache.org/surefire/maven-surefire-plugin/xsd/surefire-test-report-3.0.xsd" version="3.0" name="TestSuite" time="11.775" tests="24" errors="0" skipped="0" failures="0">
  <properties>
[...]
</properties>
  <testcase name="testSearchWithDifferentParams[ITunesSearch(term=jack+johnson, limit=25, entity=, country=, media=movie, lang=)](1)" classname="com.apple.developer.itunes.search.api.test.TestSearchAPIForParameterKeyTerm" time="5.282">
    <system-out><![CDATA[Request URI:	https://itunes.apple.com/search?country=&limit=25&term=jack%2Bjohnson&media=movie&lang=&entity=
]]></system-out>
    <system-err><![CDATA[SLF4J: Failed to load class "org.slf4j.impl.StaticLoggerBinder".
SLF4J: Defaulting to no-operation (NOP) logger implementation
SLF4J: See http://www.slf4j.org/codes.html#StaticLoggerBinder for further details.
ERROR StatusLogger Log4j2 could not find a logging implementation. Please add log4j-core to the classpath. Using SimpleLogger to log to the console...
Cleaning up unclosed ZipFile for archive /Users/shikander.raja/Documents/SCM_AUTOMATION/scm-platform/AjioB2C/srdemo/ITunesSearchTest/src/test/resources/testdata/SearchTermData.xlsx
]]></system-err>
  </testcase>
  <testcase name="testSearchWithDifferentParams[ITunesSearch(term=jack+johnson, limit=, entity=, country=, media=podcast, lang=)](2)" classname="com.apple.developer.itunes.search.api.test.TestSearchAPIForParameterKeyTerm" time="0.222">
    <system-out><![CDATA[Request URI:	https://itunes.apple.com/search?country=&limit=&term=jack%2Bjohnson&media=podcast&lang=&entity=
]]></system-out>
  </testcase>
  <testcase name="testSearchWithDifferentParams[ITunesSearch(term=jack+johnson, limit=, entity=, country=, media=music, lang=)](3)" classname="com.apple.developer.itunes.search.api.test.TestSearchAPIForParameterKeyTerm" time="0.264">
    <system-out><![CDATA[Request URI:	https://itunes.apple.com/search?country=&limit=&term=jack%2Bjohnson&media=music&lang=&entity=
]]></system-out>
  </testcase>
  <testcase name="testSearchWithDifferentParams[ITunesSearch(term=jack+johnson, limit=, entity=, country=, media=musicVideo, lang=)](4)" classname="com.apple.developer.itunes.search.api.test.TestSearchAPIForParameterKeyTerm" time="0.184">
    <system-out><![CDATA[Request URI:	https://itunes.apple.com/search?country=&limit=&term=jack%2Bjohnson&media=musicVideo&lang=&entity=
]]></system-out>
  </testcase>
  <testcase name="testSearchWithDifferentParams[ITunesSearch(term=jack+johnson, limit=, entity=, country=, media=audiobook, lang=)](5)" classname="com.apple.developer.itunes.search.api.test.TestSearchAPIForParameterKeyTerm" time="0.172">
    <system-out><![CDATA[Request URI:	https://itunes.apple.com/search?country=&limit=&term=jack%2Bjohnson&media=audiobook&lang=&entity=
]]></system-out>
  </testcase>
  <testcase name="testSearchWithDifferentParams[ITunesSearch(term=jack+johnson, limit=, entity=, country=, media=shortFilm, lang=)](6)" classname="com.apple.developer.itunes.search.api.test.TestSearchAPIForParameterKeyTerm" time="0.142">
    <system-out><![CDATA[Request URI:	https://itunes.apple.com/search?country=&limit=&term=jack%2Bjohnson&media=shortFilm&lang=&entity=
]]></system-out>
  </testcase>
  <testcase name="testSearchWithDifferentParams[ITunesSearch(term=jack+johnson, limit=, entity=, country=, media=tvShow, lang=)](7)" classname="com.apple.developer.itunes.search.api.test.TestSearchAPIForParameterKeyTerm" time="0.167">
    <system-out><![CDATA[Request URI:	https://itunes.apple.com/search?country=&limit=&term=jack%2Bjohnson&media=tvShow&lang=&entity=
]]></system-out>
  </testcase>
  <testcase name="testSearchWithDifferentParams[ITunesSearch(term=jack+johnson, limit=, entity=, country=, media=software, lang=)](8)" classname="com.apple.developer.itunes.search.api.test.TestSearchAPIForParameterKeyTerm" time="0.157">
    <system-out><![CDATA[Request URI:	https://itunes.apple.com/search?country=&limit=&term=jack%2Bjohnson&media=software&lang=&entity=
]]></system-out>
  </testcase>
  <testcase name="testSearchWithDifferentParams[ITunesSearch(term=jack+johnson, limit=, entity=, country=, media=ebook, lang=)](9)" classname="com.apple.developer.itunes.search.api.test.TestSearchAPIForParameterKeyTerm" time="0.161">
    <system-out><![CDATA[Request URI:	https://itunes.apple.com/search?country=&limit=&term=jack%2Bjohnson&media=ebook&lang=&entity=
]]></system-out>
  </testcase>
  <testcase name="testSearchWithDifferentParams[ITunesSearch(term=jack+johnson, limit=, entity=, country=, media=all, lang=)](10)" classname="com.apple.developer.itunes.search.api.test.TestSearchAPIForParameterKeyTerm" time="0.295">
    <system-out><![CDATA[Request URI:	https://itunes.apple.com/search?country=&limit=&term=jack%2Bjohnson&media=all&lang=&entity=
]]></system-out>
  </testcase>
  <testcase name="testSearchWithDifferentParams[ITunesSearch(term=jack+johnson, limit=, entity=, country=ca, media=, lang=)](11)" classname="com.apple.developer.itunes.search.api.test.TestSearchAPIForParameterKeyTerm" time="0.201">
    <system-out><![CDATA[Request URI:	https://itunes.apple.com/search?country=ca&limit=&term=jack%2Bjohnson&media=&lang=&entity=
]]></system-out>
  </testcase>
  <testcase name="testSearchWithDifferentParams[ITunesSearch(term=yelp, limit=, entity=software, country=us, media=, lang=)](12)" classname="com.apple.developer.itunes.search.api.test.TestSearchAPIForParameterKeyTerm" time="0.34">
    <system-out><![CDATA[Request URI:	https://itunes.apple.com/search?country=us&limit=&term=yelp&media=&lang=&entity=software
]]></system-out>
  </testcase>
  <testcase name="testSearchWithDifferentParams[ITunesSearch(term=jack+johnson, limit=, entity=, country=, media=, lang=en_us)](13)" classname="com.apple.developer.itunes.search.api.test.TestSearchAPIForParameterKeyTerm" time="0.16">
    <system-out><![CDATA[Request URI:	https://itunes.apple.com/search?country=&limit=&term=jack%2Bjohnson&media=&lang=en_us&entity=
]]></system-out>
  </testcase>
  <testcase name="testSearchWithDifferentParams[ITunesSearch(term=jack+johnson, limit=, entity=, country=, media=, lang=ja_jp)](14)" classname="com.apple.developer.itunes.search.api.test.TestSearchAPIForParameterKeyTerm" time="0.236">
    <system-out><![CDATA[Request URI:	https://itunes.apple.com/search?country=&limit=&term=jack%2Bjohnson&media=&lang=ja_jp&entity=
]]></system-out>
  </testcase>
  <testcase name="testLookupWithDifferentParams[ITunesLookup(id=909253, amgArtistId=, entity=, limit=, sort=, upc=, amgAlbumId=, amgVideoId=, isbn=)](1)" classname="com.apple.developer.itunes.search.api.test.TestSearchAPIForParameterKeyLookup" time="0.212">
    <system-out><![CDATA[Request URI:	https://itunes.apple.com/lookup?amgAlbumId=&amgArtistId=&isbn=&limit=&upc=&id=909253&sort=&entity=&amgVideoId=
]]></system-out>
  </testcase>
  <testcase name="testLookupWithDifferentParams[ITunesLookup(id=284910350, amgArtistId=, entity=, limit=, sort=, upc=, amgAlbumId=, amgVideoId=, isbn=)](2)" classname="com.apple.developer.itunes.search.api.test.TestSearchAPIForParameterKeyLookup" time="0.17">
    <system-out><![CDATA[Request URI:	https://itunes.apple.com/lookup?amgAlbumId=&amgArtistId=&isbn=&limit=&upc=&id=284910350&sort=&entity=&amgVideoId=
]]></system-out>
  </testcase>
  <testcase name="testLookupWithDifferentParams[ITunesLookup(id=, amgArtistId=468749, entity=, limit=, sort=, upc=, amgAlbumId=, amgVideoId=, isbn=)](3)" classname="com.apple.developer.itunes.search.api.test.TestSearchAPIForParameterKeyLookup" time="0.128">
    <system-out><![CDATA[Request URI:	https://itunes.apple.com/lookup?amgAlbumId=&amgArtistId=468749&isbn=&limit=&upc=&id=&sort=&entity=&amgVideoId=
]]></system-out>
  </testcase>
  <testcase name="testLookupWithDifferentParams[ITunesLookup(id=, amgArtistId=468749,5723, entity=, limit=, sort=, upc=, amgAlbumId=, amgVideoId=, isbn=)](4)" classname="com.apple.developer.itunes.search.api.test.TestSearchAPIForParameterKeyLookup" time="0.132">
    <system-out><![CDATA[Request URI:	https://itunes.apple.com/lookup?amgAlbumId=&amgArtistId=468749%2C5723&isbn=&limit=&upc=&id=&sort=&entity=&amgVideoId=
]]></system-out>
  </testcase>
  <testcase name="testLookupWithDifferentParams[ITunesLookup(id=909253, amgArtistId=, entity=album, limit=, sort=, upc=, amgAlbumId=, amgVideoId=, isbn=)](5)" classname="com.apple.developer.itunes.search.api.test.TestSearchAPIForParameterKeyLookup" time="0.136">
    <system-out><![CDATA[Request URI:	https://itunes.apple.com/lookup?amgAlbumId=&amgArtistId=&isbn=&limit=&upc=&id=909253&sort=&entity=album&amgVideoId=
]]></system-out>
  </testcase>
  <testcase name="testLookupWithDifferentParams[ITunesLookup(id=, amgArtistId=68749,5723, entity=album, limit=5, sort=, upc=, amgAlbumId=, amgVideoId=, isbn=)](6)" classname="com.apple.developer.itunes.search.api.test.TestSearchAPIForParameterKeyLookup" time="0.109">
    <system-out><![CDATA[Request URI:	https://itunes.apple.com/lookup?amgAlbumId=&amgArtistId=68749%2C5723&isbn=&limit=5&upc=&id=&sort=&entity=album&amgVideoId=
]]></system-out>
  </testcase>
  <testcase name="testLookupWithDifferentParams[ITunesLookup(id=, amgArtistId=468749,5723, entity=song, limit=5, sort=recent, upc=, amgAlbumId=, amgVideoId=, isbn=)](7)" classname="com.apple.developer.itunes.search.api.test.TestSearchAPIForParameterKeyLookup" time="0.114">
    <system-out><![CDATA[Request URI:	https://itunes.apple.com/lookup?amgAlbumId=&amgArtistId=468749%2C5723&isbn=&limit=5&upc=&id=&sort=recent&entity=song&amgVideoId=
]]></system-out>
  </testcase>
  <testcase name="testLookupWithDifferentParams[ITunesLookup(id=, amgArtistId=, entity=song, limit=, sort=, upc=720642462928, amgAlbumId=15175,15176,15177,15178,15183,15184,15187,1519,15191,15195,15197,15198, amgVideoId=, isbn=)](8)" classname="com.apple.developer.itunes.search.api.test.TestSearchAPIForParameterKeyLookup" time="0.145">
    <system-out><![CDATA[Request URI:	https://itunes.apple.com/lookup?amgAlbumId=15175%2C15176%2C15177%2C15178%2C15183%2C15184%2C15187%2C1519%2C15191%2C15195%2C15197%2C15198&amgArtistId=&isbn=&limit=&upc=720642462928&id=&sort=&entity=song&amgVideoId=
]]></system-out>
  </testcase>
  <testcase name="testLookupWithDifferentParams[ITunesLookup(id=, amgArtistId=, entity=, limit=, sort=, upc=, amgAlbumId=17120, amgVideoId=, isbn=)](9)" classname="com.apple.developer.itunes.search.api.test.TestSearchAPIForParameterKeyLookup" time="0.129">
    <system-out><![CDATA[Request URI:	https://itunes.apple.com/lookup?amgAlbumId=17120&amgArtistId=&isbn=&limit=&upc=&id=&sort=&entity=&amgVideoId=
]]></system-out>
  </testcase>
  <testcase name="testLookupWithDifferentParams[ITunesLookup(id=, amgArtistId=, entity=, limit=, sort=, upc=, amgAlbumId=, amgVideoId=, isbn=9780316069359)](10)" classname="com.apple.developer.itunes.search.api.test.TestSearchAPIForParameterKeyLookup" time="0.113">
    <system-out><![CDATA[Request URI:	https://itunes.apple.com/lookup?amgAlbumId=&amgArtistId=&isbn=9780316069359&limit=&upc=&id=&sort=&entity=&amgVideoId=
]]></system-out>
  </testcase>
</testsuite>