<?xml version="1.0" encoding="UTF-8"?>
<!-- Generated by org.testng.reporters.JUnitXMLReporter -->
<testsuite ignored="0" hostname="LM0003262" failures="0" tests="7" name="ITuneSearchAPITest" time="7.127" errors="0" timestamp="2023-07-30T19:37:30 IST">
  <testcase classname="com.apple.developer.itunes.search.api.test.TestSearchAPIForParameterKeyTerm" name="testSearchWithTerm" time="4.504"/>
  <testcase classname="com.apple.developer.itunes.search.api.test.TestSearchAPIForParameterKeyTerm" name="testSearchWithTerm" time="0.455"/>
  <testcase classname="com.apple.developer.itunes.search.api.test.TestSearchAPIForParameterKeyTerm" name="testSearchWithTerm" time="0.229"/>
  <testcase classname="com.apple.developer.itunes.search.api.test.TestSearchAPIForParameterKeyTerm" name="testSearchWithDifferentParams" time="0.379"/>
  <testcase classname="com.apple.developer.itunes.search.api.test.TestSearchAPIForParameterKeyTerm" name="testSearchWithDifferentParams" time="0.207"/>
  <testcase classname="com.apple.developer.itunes.search.api.test.TestSearchAPIForParameterKeyTerm" name="testSearchWithDifferentParams" time="0.206"/>
  <testcase classname="com.apple.developer.itunes.search.api.test.TestSearchAPIForParameterKeyTerm" name="testSearchWithDifferentParams" time="0.219"/>
</testsuite> <!-- ITuneSearchAPITest -->
