<?xml version="1.0" encoding="UTF-8"?>
<!-- Generated by org.testng.reporters.JUnitXMLReporter -->
<testsuite ignored="0" hostname="LM0003262" failures="0" tests="24" name="ITuneSearchAPITest" time="10.893" errors="0" timestamp="2023-07-31T16:28:14 IST">
  <testcase classname="com.apple.developer.itunes.search.api.test.TestSearchAPIForParameterKeyTerm" name="testSearchWithDifferentParams" time="5.293"/>
  <testcase classname="com.apple.developer.itunes.search.api.test.TestSearchAPIForParameterKeyTerm" name="testSearchWithDifferentParams" time="0.239"/>
  <testcase classname="com.apple.developer.itunes.search.api.test.TestSearchAPIForParameterKeyTerm" name="testSearchWithDifferentParams" time="0.263"/>
  <testcase classname="com.apple.developer.itunes.search.api.test.TestSearchAPIForParameterKeyTerm" name="testSearchWithDifferentParams" time="0.185"/>
  <testcase classname="com.apple.developer.itunes.search.api.test.TestSearchAPIForParameterKeyTerm" name="testSearchWithDifferentParams" time="0.171"/>
  <testcase classname="com.apple.developer.itunes.search.api.test.TestSearchAPIForParameterKeyTerm" name="testSearchWithDifferentParams" time="0.141"/>
  <testcase classname="com.apple.developer.itunes.search.api.test.TestSearchAPIForParameterKeyTerm" name="testSearchWithDifferentParams" time="0.167"/>
  <testcase classname="com.apple.developer.itunes.search.api.test.TestSearchAPIForParameterKeyTerm" name="testSearchWithDifferentParams" time="0.156"/>
  <testcase classname="com.apple.developer.itunes.search.api.test.TestSearchAPIForParameterKeyTerm" name="testSearchWithDifferentParams" time="0.158"/>
  <testcase classname="com.apple.developer.itunes.search.api.test.TestSearchAPIForParameterKeyTerm" name="testSearchWithDifferentParams" time="0.292"/>
  <testcase classname="com.apple.developer.itunes.search.api.test.TestSearchAPIForParameterKeyTerm" name="testSearchWithDifferentParams" time="0.2"/>
  <testcase classname="com.apple.developer.itunes.search.api.test.TestSearchAPIForParameterKeyTerm" name="testSearchWithDifferentParams" time="0.338"/>
  <testcase classname="com.apple.developer.itunes.search.api.test.TestSearchAPIForParameterKeyTerm" name="testSearchWithDifferentParams" time="0.159"/>
  <testcase classname="com.apple.developer.itunes.search.api.test.TestSearchAPIForParameterKeyTerm" name="testSearchWithDifferentParams" time="0.234"/>
  <testcase classname="com.apple.developer.itunes.search.api.test.TestSearchAPIForParameterKeyLookup" name="testLookupWithDifferentParams" time="0.259"/>
  <testcase classname="com.apple.developer.itunes.search.api.test.TestSearchAPIForParameterKeyLookup" name="testLookupWithDifferentParams" time="0.17"/>
  <testcase classname="com.apple.developer.itunes.search.api.test.TestSearchAPIForParameterKeyLookup" name="testLookupWithDifferentParams" time="0.128"/>
  <testcase classname="com.apple.developer.itunes.search.api.test.TestSearchAPIForParameterKeyLookup" name="testLookupWithDifferentParams" time="0.131"/>
  <testcase classname="com.apple.developer.itunes.search.api.test.TestSearchAPIForParameterKeyLookup" name="testLookupWithDifferentParams" time="0.135"/>
  <testcase classname="com.apple.developer.itunes.search.api.test.TestSearchAPIForParameterKeyLookup" name="testLookupWithDifferentParams" time="0.108"/>
  <testcase classname="com.apple.developer.itunes.search.api.test.TestSearchAPIForParameterKeyLookup" name="testLookupWithDifferentParams" time="0.115"/>
  <testcase classname="com.apple.developer.itunes.search.api.test.TestSearchAPIForParameterKeyLookup" name="testLookupWithDifferentParams" time="0.145"/>
  <testcase classname="com.apple.developer.itunes.search.api.test.TestSearchAPIForParameterKeyLookup" name="testLookupWithDifferentParams" time="0.129"/>
  <testcase classname="com.apple.developer.itunes.search.api.test.TestSearchAPIForParameterKeyLookup" name="testLookupWithDifferentParams" time="0.113"/>
</testsuite> <!-- ITuneSearchAPITest -->
